[14:55:57] [Client thread/INFO]: Setting user: Player659
[14:56:01] [Client thread/INFO]: LWJGL Version: 2.9.1
[14:56:03] [Client thread/INFO]: Reloading ResourceManager: Default, FMLFileResourcePack:Forge Mod Loader, FMLFileResourcePack:Minecraft Forge, FMLFileResourcePack:Speherhcraft
[14:56:04] [Sound Library Loader/INFO]: Starting up SoundSystem...
[14:56:04] [Thread-7/INFO]: Initializing LWJGL OpenAL
[14:56:04] [Thread-7/INFO]: (The LWJGL binding of OpenAL.  For more information, see http://www.lwjgl.org)
[14:56:04] [Thread-7/INFO]: OpenAL initialized.
[14:56:05] [Sound Library Loader/INFO]: Sound engine started
[14:56:07] [Client thread/INFO]: Created: 512x512 textures-atlas
[14:56:08] [Client thread/INFO]: Reloading ResourceManager: Default, FMLFileResourcePack:Forge Mod Loader, FMLFileResourcePack:Minecraft Forge, FMLFileResourcePack:Speherhcraft
[14:56:08] [Client thread/INFO]: SoundSystem shutting down...
[14:56:08] [Client thread/WARN]: Author: Paul Lamb, www.paulscode.com
[14:56:08] [Sound Library Loader/INFO]: Starting up SoundSystem...
[14:56:08] [Thread-9/INFO]: Initializing LWJGL OpenAL
[14:56:08] [Thread-9/INFO]: (The LWJGL binding of OpenAL.  For more information, see http://www.lwjgl.org)
[14:56:08] [Thread-9/INFO]: OpenAL initialized.
[14:56:08] [Sound Library Loader/INFO]: Sound engine started
[14:56:10] [Client thread/INFO]: Created: 512x512 textures-atlas
[14:56:19] [Server thread/INFO]: Starting integrated minecraft server version 1.8
[14:56:19] [Server thread/INFO]: Generating keypair
[14:56:19] [Server thread/INFO]: Preparing start region for level 0
[14:56:20] [Server thread/INFO]: Preparing spawn area: 77%
[14:56:21] [Server thread/INFO]: Changing view distance to 12, from 10
[14:56:22] [Server thread/INFO]: Player659[local:E:0546a39a] logged in with entity id 428 at (-200.5, 69.0, 249.5)
[14:56:22] [Server thread/INFO]: Player659 joined the game
[14:56:26] [Server thread/INFO]: Player659 has just earned the achievement [Taking Inventory]
[14:56:26] [Client thread/INFO]: [CHAT] Player659 has just earned the achievement [Taking Inventory]
[14:56:51] [Client thread/INFO]: [CHAT] There is no such item with name minecraft:genericBlock
[14:57:04] [Server thread/INFO]: Saving and pausing game...
[14:57:04] [Server thread/INFO]: Saving chunks for level 'Tester'/Overworld
[14:57:06] [Server thread/INFO]: Saving chunks for level 'Tester'/Nether
[14:57:06] [Server thread/INFO]: Saving chunks for level 'Tester'/The End
[14:57:06] [Server thread/WARN]: Can't keep up! Did the system time change, or is the server overloaded? Running 2142ms behind, skipping 42 tick(s)
[14:57:33] [Server thread/INFO]: Saving and pausing game...
[14:57:33] [Server thread/INFO]: Saving chunks for level 'Tester'/Overworld
[14:57:33] [Server thread/INFO]: Saving chunks for level 'Tester'/Nether
[14:57:33] [Server thread/INFO]: Saving chunks for level 'Tester'/The End
[14:57:34] [Server thread/INFO]: Stopping server
[14:57:34] [Server thread/INFO]: Saving players
[14:57:34] [Server thread/INFO]: Saving worlds
[14:57:34] [Server thread/INFO]: Saving chunks for level 'Tester'/Overworld
[14:57:34] [Server thread/INFO]: Saving chunks for level 'Tester'/Nether
[14:57:34] [Server thread/INFO]: Saving chunks for level 'Tester'/The End
[14:57:37] [Client thread/INFO]: Stopping!
[14:57:37] [Client thread/INFO]: SoundSystem shutting down...
[14:57:37] [Client thread/WARN]: Author: Paul Lamb, www.paulscode.com
